<?xml version="1.0" encoding="UTF-8"?>
<!-- Generated by org.testng.reporters.JUnitReportReporter -->
<testsuite skipped="0" hostname="Nams-Mac-mini.lan" name="SFRest.TestCreateLead" tests="11" failures="0" timestamp="03 Aug 2017 01:46:08 GMT" time="3.369" errors="0">
  <testcase name="testCreateLead3" time="0.345" classname="SFRest.TestCreateLead"/>
  <testcase name="testCreateLead7" time="0.233" classname="SFRest.TestCreateLead"/>
  <testcase name="testCreateLead10" time="0.365" classname="SFRest.TestCreateLead"/>
  <testcase name="testCreateLead8" time="0.241" classname="SFRest.TestCreateLead"/>
  <testcase name="testCreateLead1" time="0.481" classname="SFRest.TestCreateLead"/>
  <testcase name="testCreateLead" time="0.285" classname="SFRest.TestCreateLead"/>
  <testcase name="setup" time="0.236" classname="SFRest.TestCreateLead"/>
  <testcase name="testCreateLead2" time="0.302" classname="SFRest.TestCreateLead"/>
  <testcase name="testCreateLead5" time="0.378" classname="SFRest.TestCreateLead"/>
  <testcase name="testCreateLead9" time="0.191" classname="SFRest.TestCreateLead"/>
  <testcase name="testCreateLead4" time="0.312" classname="SFRest.TestCreateLead"/>
</testsuite> <!-- SFRest.TestCreateLead -->
