<?xml version="1.0" encoding="UTF-8"?>
<!-- Generated by org.testng.reporters.JUnitReportReporter -->
<testsuite skipped="0" hostname="Nams-Mac-mini.lan" name="SFRest.TestLogin" tests="1" failures="0" timestamp="03 Aug 2017 01:46:08 GMT" time="0.834" errors="0">
  <testcase name="testLogin" time="0.834" classname="SFRest.TestLogin"/>
</testsuite> <!-- SFRest.TestLogin -->
