<?xml version="1.0" encoding="UTF-8"?>
<!-- Generated by org.testng.reporters.JUnitReportReporter -->
<testsuite skipped="0" hostname="Nams-Mac-mini.lan" name="SFRest.TestFlipNames" tests="1" failures="0" timestamp="02 Aug 2017 23:05:05 GMT" time="0.833" errors="0">
  <testcase name="f" time="0.833" classname="SFRest.TestFlipNames"/>
</testsuite> <!-- SFRest.TestFlipNames -->
