<?xml version="1.0" encoding="UTF-8"?>
<!-- Generated by org.testng.reporters.JUnitReportReporter -->
<testsuite skipped="0" hostname="Nams-Mac-mini.lan" name="SFRest.TestUpdateLead" tests="7" failures="0" timestamp="03 Aug 2017 01:46:08 GMT" time="2.986" errors="0">
  <testcase name="testSwap1" time="0.513" classname="SFRest.TestUpdateLead"/>
  <testcase name="testSwap2" time="0.459" classname="SFRest.TestUpdateLead"/>
  <testcase name="testSwap5" time="0.493" classname="SFRest.TestUpdateLead"/>
  <testcase name="setup" time="0.590" classname="SFRest.TestUpdateLead"/>
  <testcase name="testSwap3" time="0.453" classname="SFRest.TestUpdateLead"/>
  <testcase name="testSwap4" time="0.477" classname="SFRest.TestUpdateLead"/>
  <testcase name="testGetLeads" time="0.001" classname="SFRest.TestUpdateLead"/>
</testsuite> <!-- SFRest.TestUpdateLead -->
